<?xml version="1.0" encoding="UTF-8"?>
<testsuite xmlns:xsi="http://www.w3.org/2001/XMLSchema-instance" xsi:noNamespaceSchemaLocation="https://maven.apache.org/surefire/maven-surefire-plugin/xsd/surefire-test-report-3.0.xsd" version="3.0" name="com.coursework.rx.ObservableBasicTest" time="0.06" tests="4" errors="0" skipped="0" failures="0">
  <properties>
[...]
</properties>
  <testcase name="subscribe_handlesExceptionInSubscribeBody" classname="com.coursework.rx.ObservableBasicTest" time="0.026"/>
  <testcase name="create_emitsItemsAndComplete" classname="com.coursework.rx.ObservableBasicTest" time="0.005"/>
  <testcase name="create_swallowsEventsAfterTerminal" classname="com.coursework.rx.ObservableBasicTest" time="0.003"/>
  <testcase name="create_propagatesErrorFromUpstream" classname="com.coursework.rx.ObservableBasicTest" time="0.001"/>
</testsuite>